<?xml version="1.0" encoding="UTF-8"?>
<testng-results ignored="0" total="2" passed="2" failed="0" skipped="0">
  <reporter-output>
  </reporter-output>
  <suite started-at="2022-08-13T01:12:32Z" name="Default suite" finished-at="2022-08-13T01:13:30Z" duration-ms="58190">
    <groups>
    </groups>
    <test started-at="2022-08-13T01:12:32Z" name="Default test" finished-at="2022-08-13T01:13:30Z" duration-ms="58190">
      <class name="com.qa.fb.keyword.tests.LoginTest">
        <test-method signature="loginTest()[pri:0, instance:com.qa.fb.keyword.tests.LoginTest@282cb7c7]" started-at="2022-08-13T01:12:32Z" name="loginTest" finished-at="2022-08-13T01:12:33Z" duration-ms="821" status="PASS">
          <reporter-output>
          </reporter-output>
        </test-method> <!-- loginTest -->
        <test-method signature="signUpTest()[pri:0, instance:com.qa.fb.keyword.tests.LoginTest@282cb7c7]" started-at="2022-08-13T01:12:33Z" name="signUpTest" finished-at="2022-08-13T01:13:30Z" duration-ms="57343" status="PASS">
          <reporter-output>
          </reporter-output>
        </test-method> <!-- signUpTest -->
      </class> <!-- com.qa.fb.keyword.tests.LoginTest -->
    </test> <!-- Default test -->
  </suite> <!-- Default suite -->
</testng-results>
